Z:\AsmQuickLauncher\AsmQuickLauncher\AsmQuickLauncher\Debug\DirBox.obj
Z:\AsmQuickLauncher\AsmQuickLauncher\AsmQuickLauncher\Debug\FileOperation.obj
Z:\AsmQuickLauncher\AsmQuickLauncher\AsmQuickLauncher\Debug\EditDialog.obj
Z:\AsmQuickLauncher\AsmQuickLauncher\AsmQuickLauncher\Debug\Graphics.obj
Z:\AsmQuickLauncher\AsmQuickLauncher\AsmQuickLauncher\Debug\InputBox.obj
Z:\AsmQuickLauncher\AsmQuickLauncher\AsmQuickLauncher\Debug\Main.obj
Z:\AsmQuickLauncher\AsmQuickLauncher\AsmQuickLauncher\Debug\NewDialog.obj
Z:\AsmQuickLauncher\AsmQuickLauncher\AsmQuickLauncher\Debug\Recognize.obj
Z:\AsmQuickLauncher\AsmQuickLauncher\AsmQuickLauncher\Debug\UI.obj
Z:\AsmQuickLauncher\AsmQuickLauncher\AsmQuickLauncher\Debug\Util.obj
Z:\ASMQUICKLAUNCHER\ASMQUICKLAUNCHER\DEBUG\ASMQUICKLAUNCHER.ILK
Z:\ASMQUICKLAUNCHER\ASMQUICKLAUNCHER\DEBUG\ASMQUICKLAUNCHER.EXE
Z:\ASMQUICKLAUNCHER\ASMQUICKLAUNCHER\DEBUG\ASMQUICKLAUNCHER.PDB
Z:\ASMQUICKLAUNCHER\ASMQUICKLAUNCHER\ASMQUICKLAUNCHER\DEBUG\ASMQUICKLAUNCHER.RES
Z:\AsmQuickLauncher\AsmQuickLauncher\AsmQuickLauncher\Debug\AsmQuickLauncher.write.1.tlog
Z:\AsmQuickLauncher\AsmQuickLauncher\AsmQuickLauncher\Debug\link-cvtres.read.1.tlog
Z:\AsmQuickLauncher\AsmQuickLauncher\AsmQuickLauncher\Debug\link-cvtres.write.1.tlog
Z:\AsmQuickLauncher\AsmQuickLauncher\AsmQuickLauncher\Debug\link-rc.read.1.tlog
Z:\AsmQuickLauncher\AsmQuickLauncher\AsmQuickLauncher\Debug\link-rc.write.1.tlog
Z:\AsmQuickLauncher\AsmQuickLauncher\AsmQuickLauncher\Debug\link.command.1.tlog
Z:\AsmQuickLauncher\AsmQuickLauncher\AsmQuickLauncher\Debug\link.read.1.tlog
Z:\AsmQuickLauncher\AsmQuickLauncher\AsmQuickLauncher\Debug\link.write.1.tlog
Z:\AsmQuickLauncher\AsmQuickLauncher\AsmQuickLauncher\Debug\rc.command.1.tlog
Z:\AsmQuickLauncher\AsmQuickLauncher\AsmQuickLauncher\Debug\rc.read.1.tlog
Z:\AsmQuickLauncher\AsmQuickLauncher\AsmQuickLauncher\Debug\rc.write.1.tlog
Z:\AsmQuickLauncher\AsmQuickLauncher\AsmQuickLauncher\Debug\AsmQuickLauncher.res
Z:\AsmQuickLauncher\AsmQuickLauncher\Debug\AsmQuickLauncher.pdb
Z:\AsmQuickLauncher\AsmQuickLauncher\Debug\AsmQuickLauncher.exe
Z:\AsmQuickLauncher\AsmQuickLauncher\Debug\AsmQuickLauncher.ilk
